Build started 11/5/2014 2:02:47 PM.
     1>Project "C:\Users\André\Documents\GitHub\bike-sharing-1\Bike sharing WIN\Bike sharing WIN\Bike sharing WIN.vcxproj" on node 2 (Build target(s)).
     1>Link:
         C:\Program Files (x86)\Microsoft Visual Studio 12.0\VC\bin\link.exe /ERRORREPORT:PROMPT /OUT:"C:\Users\André\Documents\GitHub\bike-sharing-1\Bike sharing WIN\Debug\Bike sharing WIN.exe" /INCREMENTAL /NOLOGO kernel32.lib user32.lib gdi32.lib winspool.lib comdlg32.lib advapi32.lib shell32.lib ole32.lib oleaut32.lib uuid.lib odbc32.lib odbccp32.lib /MANIFEST /MANIFESTUAC:"level='asInvoker' uiAccess='false'" /manifest:embed /DEBUG /PDB:"C:\Users\André\Documents\GitHub\bike-sharing-1\Bike sharing WIN\Debug\Bike sharing WIN.pdb" /TLBID:1 /DYNAMICBASE /NXCOMPAT /IMPLIB:"C:\Users\André\Documents\GitHub\bike-sharing-1\Bike sharing WIN\Debug\Bike sharing WIN.lib" /MACHINE:X86 Debug\Bicicleta.obj
         Debug\Data.obj
         Debug\main.obj
         Debug\Rede.obj
         Debug\Test.obj
         Debug\Utilizador.obj
     1>Rede.obj : error LNK2005: "void __cdecl clear_screen(void)" (?clear_screen@@YAXXZ) already defined in main.obj
     1>Rede.obj : error LNK2005: "void __cdecl get_option(int &,int,int)" (?get_option@@YAXAAHHH@Z) already defined in main.obj
     1>Rede.obj : error LNK2005: "class std::basic_string<char,struct std::char_traits<char>,class std::allocator<char> > __cdecl readPassword(void)" (?readPassword@@YA?AV?$basic_string@DU?$char_traits@D@std@@V?$allocator@D@2@@std@@XZ) already defined in main.obj
     1>Rede.obj : error LNK2005: "int __cdecl str_to_int(class std::basic_string<char,struct std::char_traits<char>,class std::allocator<char> > &)" (?str_to_int@@YAHAAV?$basic_string@DU?$char_traits@D@std@@V?$allocator@D@2@@std@@@Z) already defined in main.obj
     1>C:\Users\André\Documents\GitHub\bike-sharing-1\Bike sharing WIN\Debug\Bike sharing WIN.exe : fatal error LNK1169: one or more multiply defined symbols found
     1>Done Building Project "C:\Users\André\Documents\GitHub\bike-sharing-1\Bike sharing WIN\Bike sharing WIN\Bike sharing WIN.vcxproj" (Build target(s)) -- FAILED.

Build FAILED.

Time Elapsed 00:00:00.18
